SF:lib/modules/user/repositories/login_repository.dart
DA:21,1
DA:23,1
DA:25,2
DA:28,2
DA:31,1
DA:38,1
DA:39,1
DA:40,1
DA:41,1
DA:42,2
DA:47,1
DA:48,2
DA:51,3
DA:55,1
DA:60,1
DA:61,1
DA:63,2
DA:64,1
DA:65,1
DA:68,1
DA:70,2
LF:21
LH:21
end_of_record
SF:lib/modules/common/models/location_coordinates_model.dart
DA:5,2
DA:7,2
DA:8,6
LF:3
LH:3
end_of_record
SF:lib/modules/common/models/base_response_donuz_model.dart
DA:5,3
DA:7,2
DA:8,4
DA:9,4
LF:4
LH:4
end_of_record
SF:lib/modules/common/services/storage_service.dart
DA:5,6
DA:7,6
DA:9,4
DA:11,12
DA:14,1
DA:15,2
DA:19,1
DA:22,1
DA:26,2
DA:29,1
DA:32,2
DA:35,4
DA:36,8
DA:40,4
DA:47,4
DA:48,20
DA:53,3
DA:55,3
DA:56,3
DA:57,2
DA:59,2
DA:63,2
DA:64,4
DA:68,1
DA:71,4
DA:76,1
DA:77,1
DA:78,1
DA:81,1
DA:85,1
DA:86,2
DA:90,1
DA:94,4
DA:95,8
DA:98,4
DA:99,8
DA:102,2
DA:103,4
LF:38
LH:38
end_of_record
SF:lib/modules/common/services/http_service.dart
DA:8,1
DA:10,1
DA:18,2
DA:19,4
DA:20,1
DA:27,2
DA:28,1
DA:29,1
DA:33,1
DA:42,1
DA:43,2
DA:44,4
DA:45,1
DA:46,1
DA:53,2
DA:54,1
DA:55,1
DA:59,1
DA:68,1
DA:69,2
DA:70,4
DA:71,1
DA:72,1
DA:79,2
DA:80,1
DA:81,1
DA:85,1
DA:93,2
DA:94,4
DA:95,1
DA:102,2
DA:103,1
DA:104,1
DA:108,1
DA:114,1
DA:115,3
DA:116,1
DA:117,1
DA:118,1
DA:122,1
DA:123,1
DA:124,1
LF:42
LH:42
end_of_record
SF:lib/modules/common/utils/string_util.dart
DA:4,2
DA:5,4
DA:8,1
DA:9,1
DA:11,1
DA:12,1
DA:17,1
DA:18,1
DA:19,1
DA:22,1
DA:23,2
DA:27,1
DA:28,1
DA:31,1
DA:33,1
DA:36,1
DA:37,1
DA:40,2
LF:18
LH:18
end_of_record
SF:lib/modules/establishment/models/banners_model.dart
DA:3,2
DA:4,2
DA:5,4
DA:6,6
DA:7,6
DA:21,2
DA:22,4
DA:23,4
DA:24,4
DA:25,4
DA:26,4
DA:27,4
DA:28,4
DA:30,1
DA:31,1
DA:32,2
DA:33,2
DA:34,2
DA:35,2
DA:36,2
DA:37,2
DA:38,2
LF:22
LH:22
end_of_record
SF:lib/modules/establishment/models/regulation_model.dart
DA:4,2
DA:5,4
DA:6,4
DA:12,2
DA:13,2
DA:14,6
LF:6
LH:6
end_of_record
SF:lib/modules/establishment/models/establishment_model.dart
DA:8,2
DA:9,4
DA:10,4
DA:12,2
DA:13,2
DA:14,3
DA:15,3
DA:34,2
DA:35,4
DA:36,6
DA:37,4
DA:38,4
DA:39,4
DA:40,4
DA:41,4
DA:42,4
DA:43,4
DA:44,4
DA:45,4
LF:19
LH:19
end_of_record
SF:lib/modules/establishment/repositories/banner_repository.dart
DA:11,1
DA:16,1
DA:18,3
DA:19,2
DA:20,2
DA:22,3
LF:6
LH:6
end_of_record
SF:lib/modules/establishment/repositories/establishment_repository.dart
DA:16,1
DA:18,1
DA:20,2
DA:24,2
DA:25,1
DA:29,2
DA:33,1
DA:36,1
DA:37,2
DA:38,2
DA:41,2
DA:42,2
DA:44,1
DA:47,1
DA:49,1
DA:52,2
DA:53,2
DA:54,1
DA:57,1
DA:59,2
DA:63,2
DA:64,1
LF:22
LH:22
end_of_record
SF:lib/modules/establishment/repositories/regulation_repository.dart
DA:11,1
DA:13,1
DA:16,3
DA:18,2
DA:21,2
DA:22,1
DA:26,1
DA:27,1
LF:8
LH:8
end_of_record
SF:lib/modules/establishment/usercases/find_establishment_by_id.dart
DA:15,1
DA:21,1
DA:23,2
DA:24,2
DA:25,2
DA:28,1
DA:30,2
LF:7
LH:7
end_of_record
SF:lib/modules/establishment/usercases/find_establishment_banners.dart
DA:11,1
DA:16,1
DA:18,2
DA:20,1
DA:22,2
DA:23,1
LF:6
LH:6
end_of_record
SF:lib/modules/establishment/usercases/get_regulation.dart
DA:11,1
DA:16,1
DA:18,2
DA:22,2
LF:4
LH:4
end_of_record
SF:lib/modules/establishment/usercases/search_by_location.dart
DA:10,1
DA:12,1
DA:14,2
LF:3
LH:3
end_of_record
SF:lib/modules/establishment/usercases/search_by_name.dart
DA:11,1
DA:13,1
DA:15,1
DA:16,1
DA:18,2
LF:5
LH:5
end_of_record
SF:lib/modules/establishment/usercases/search_my_locales.dart
DA:11,1
DA:13,1
DA:15,2
LF:3
LH:3
end_of_record
SF:lib/modules/user/models/login_model.dart
DA:7,2
DA:8,1
DA:9,2
DA:10,2
DA:11,2
DA:12,2
DA:13,4
LF:7
LH:7
end_of_record
SF:lib/modules/user/models/user_model.dart
DA:6,5
DA:9,10
DA:10,10
DA:11,20
DA:49,1
DA:82,5
DA:83,10
DA:84,10
DA:85,10
DA:86,10
DA:87,10
DA:88,10
DA:89,10
DA:90,10
DA:91,10
DA:92,10
DA:93,10
DA:94,10
DA:95,10
DA:96,10
DA:97,10
DA:98,10
DA:99,10
DA:100,10
DA:101,10
DA:102,10
DA:103,10
DA:104,10
DA:105,10
DA:106,10
DA:107,10
DA:108,10
DA:109,10
DA:110,10
DA:111,10
DA:112,10
DA:114,5
DA:115,15
DA:116,10
DA:120,1
DA:121,1
DA:122,2
DA:123,2
DA:124,2
DA:125,2
DA:126,2
DA:127,2
DA:128,2
DA:129,2
DA:130,2
DA:131,2
DA:132,2
DA:133,2
DA:134,2
DA:135,2
DA:136,2
DA:137,2
DA:138,2
DA:139,2
DA:140,2
DA:141,2
DA:142,2
DA:143,2
DA:144,2
DA:145,2
DA:146,2
DA:147,2
DA:148,2
DA:149,2
DA:150,2
DA:152,1
DA:153,3
DA:164,5
DA:165,10
DA:166,10
DA:167,10
DA:177,5
DA:178,5
DA:179,10
DA:181,5
DA:182,10
DA:184,5
DA:185,10
DA:187,5
DA:188,10
DA:192,1
DA:193,1
DA:194,2
DA:195,2
DA:197,2
DA:198,2
DA:200,2
DA:201,2
DA:203,2
DA:204,2
LF:95
LH:95
end_of_record
SF:lib/modules/user/repositories/user_repository.dart
DA:28,1
DA:32,1
DA:37,3
DA:38,1
DA:39,1
DA:42,1
DA:45,1
DA:47,1
DA:48,1
DA:50,2
DA:55,1
DA:58,1
DA:61,2
DA:63,1
DA:67,1
DA:70,1
DA:76,2
DA:77,1
DA:81,1
LF:19
LH:19
end_of_record
SF:lib/modules/user/usercases/get_logged_user_token.dart
DA:9,1
DA:11,1
DA:13,2
LF:3
LH:3
end_of_record
SF:lib/modules/user/usercases/make_login.dart
DA:14,1
DA:16,1
DA:21,2
DA:25,2
DA:30,2
LF:5
LH:5
end_of_record
SF:lib/modules/user/usercases/make_logout.dart
DA:9,1
DA:11,1
DA:13,2
LF:3
LH:3
end_of_record
SF:lib/modules/user/usercases/remember_password.dart
DA:11,1
DA:13,1
DA:15,1
DA:18,2
DA:22,2
LF:5
LH:5
end_of_record
SF:lib/modules/user/usercases/get_user.dart
DA:16,1
DA:19,1
DA:21,2
DA:25,2
DA:26,2
LF:5
LH:5
end_of_record
SF:lib/modules/user/usercases/register_user.dart
DA:15,1
DA:21,1
DA:23,2
DA:28,2
DA:30,1
DA:31,2
DA:32,2
DA:33,2
DA:34,2
DA:35,1
LF:10
LH:10
end_of_record
SF:lib/modules/user/usercases/update_user.dart
DA:15,1
DA:21,1
DA:23,2
DA:25,1
DA:29,2
DA:30,2
LF:6
LH:6
end_of_record
SF:lib/modules/user/usercases/delete_user.dart
DA:15,1
DA:21,1
DA:23,2
DA:25,1
DA:29,2
DA:31,1
DA:35,2
DA:36,2
LF:8
LH:8
end_of_record
