SF:lib/modules/common/services/http_service.dart
DA:8,1
DA:10,1
DA:18,2
DA:19,4
DA:20,1
DA:27,2
DA:28,1
DA:29,1
DA:33,1
DA:42,1
DA:43,2
DA:44,4
DA:45,1
DA:46,1
DA:53,2
DA:54,1
DA:55,1
DA:59,1
DA:68,1
DA:69,2
DA:70,4
DA:71,1
DA:72,1
DA:79,2
DA:80,1
DA:81,1
DA:85,1
DA:91,1
DA:92,3
DA:93,1
DA:94,1
DA:95,1
DA:99,1
DA:100,1
DA:101,1
LF:35
LH:35
end_of_record
SF:lib/modules/common/services/storage_service.dart
DA:5,6
DA:7,6
DA:9,4
DA:11,12
DA:14,1
DA:15,2
DA:19,1
DA:22,1
DA:26,2
DA:29,1
DA:32,2
DA:35,4
DA:36,8
DA:40,4
DA:47,4
DA:48,20
DA:53,3
DA:55,3
DA:56,3
DA:57,2
DA:59,2
DA:63,2
DA:64,4
DA:68,1
DA:71,4
DA:76,1
DA:77,1
DA:78,1
DA:81,1
DA:85,1
DA:86,2
DA:90,1
DA:94,4
DA:95,8
DA:98,4
DA:99,8
DA:102,2
DA:103,4
LF:38
LH:38
end_of_record
SF:lib/modules/user/repositories/login_repository.dart
DA:21,1
DA:23,1
DA:25,2
DA:28,2
DA:31,1
DA:38,1
DA:39,1
DA:40,1
DA:41,1
DA:42,2
DA:47,1
DA:48,2
DA:51,3
DA:55,1
DA:60,1
DA:61,1
DA:63,2
DA:64,1
DA:65,2
DA:66,1
DA:71,1
DA:73,2
LF:22
LH:22
end_of_record
SF:lib/modules/common/models/location_coordinates_model.dart
DA:5,2
DA:7,2
DA:8,6
LF:3
LH:3
end_of_record
SF:lib/modules/common/models/base_response_donuz_model.dart
DA:5,1
DA:6,2
DA:7,2
LF:3
LH:3
end_of_record
SF:lib/modules/establishment/models/banners_model.dart
DA:3,2
DA:4,2
DA:5,4
DA:6,6
DA:7,6
DA:21,2
DA:22,4
DA:23,4
DA:24,4
DA:25,4
DA:26,4
DA:27,4
DA:28,4
DA:30,1
DA:31,1
DA:32,2
DA:33,2
DA:34,2
DA:35,2
DA:36,2
DA:37,2
DA:38,2
LF:22
LH:22
end_of_record
SF:lib/modules/establishment/models/regulation_model.dart
DA:4,2
DA:5,4
DA:6,4
DA:12,2
DA:13,2
DA:14,6
LF:6
LH:6
end_of_record
SF:lib/modules/establishment/models/establishment_model.dart
DA:8,2
DA:9,4
DA:10,4
DA:12,2
DA:13,2
DA:14,3
DA:15,3
DA:34,2
DA:35,4
DA:36,6
DA:37,4
DA:38,4
DA:39,4
DA:40,4
DA:41,4
DA:42,4
DA:43,4
DA:44,4
DA:45,4
LF:19
LH:19
end_of_record
SF:lib/modules/establishment/repositories/banner_repository.dart
DA:11,1
DA:16,1
DA:18,3
DA:19,2
DA:20,2
DA:22,3
LF:6
LH:6
end_of_record
SF:lib/modules/establishment/repositories/establishment_repository.dart
DA:16,1
DA:18,1
DA:20,2
DA:24,2
DA:25,1
DA:29,2
DA:33,1
DA:36,1
DA:37,2
DA:38,2
DA:41,2
DA:42,2
DA:44,1
DA:47,1
DA:49,1
DA:52,2
DA:53,2
DA:54,1
DA:57,1
DA:59,2
DA:63,2
DA:64,1
LF:22
LH:22
end_of_record
SF:lib/modules/establishment/repositories/regulation_repository.dart
DA:11,1
DA:13,1
DA:16,3
DA:18,2
DA:21,2
DA:22,1
DA:26,1
DA:27,1
LF:8
LH:8
end_of_record
SF:lib/modules/establishment/usercases/find_establishment_by_id.dart
DA:15,1
DA:21,1
DA:23,2
DA:24,2
DA:25,2
DA:28,1
DA:30,2
LF:7
LH:7
end_of_record
SF:lib/modules/establishment/usercases/find_establishment_banners.dart
DA:11,1
DA:16,1
DA:18,2
DA:20,1
DA:22,2
DA:23,1
LF:6
LH:6
end_of_record
SF:lib/modules/establishment/usercases/get_regulation.dart
DA:11,1
DA:16,1
DA:18,2
DA:22,2
LF:4
LH:4
end_of_record
SF:lib/modules/establishment/usercases/search_by_location.dart
DA:10,1
DA:12,1
DA:14,2
LF:3
LH:3
end_of_record
SF:lib/modules/establishment/usercases/search_by_name.dart
DA:11,1
DA:13,1
DA:15,1
DA:16,1
DA:18,2
LF:5
LH:5
end_of_record
SF:lib/modules/establishment/usercases/search_my_locales.dart
DA:11,1
DA:13,1
DA:15,2
LF:3
LH:3
end_of_record
SF:lib/modules/user/models/login_model.dart
DA:7,1
DA:8,2
DA:9,2
DA:10,2
DA:11,2
DA:12,4
LF:6
LH:6
end_of_record
SF:lib/modules/user/usercases/get_logged_user_token.dart
DA:9,0
DA:11,0
DA:13,0
LF:3
LH:0
end_of_record
SF:lib/modules/user/usercases/make_login.dart
DA:14,0
DA:16,0
DA:21,0
DA:25,0
DA:30,0
LF:5
LH:0
end_of_record
SF:lib/modules/user/usercases/make_logout.dart
DA:9,0
DA:11,0
DA:13,0
LF:3
LH:0
end_of_record
SF:lib/modules/user/usercases/remember_password.dart
DA:11,0
DA:13,0
DA:15,0
DA:18,0
DA:22,0
LF:5
LH:0
end_of_record
